TN:
SF:routes\auth.js
FN:8,(anonymous_0)
FN:15,(anonymous_1)
FNF:2
FNH:2
FNDA:1,(anonymous_0)
FNDA:5,(anonymous_1)
DA:1,6
DA:2,6
DA:3,6
DA:8,6
DA:9,1
DA:15,6
DA:16,5
DA:17,5
DA:19,5
DA:20,1
DA:27,4
DA:28,4
DA:31,4
DA:32,4
DA:34,4
DA:42,6
LF:16
LH:16
BRDA:19,0,0,1
BRDA:19,0,1,4
BRDA:19,1,0,5
BRDA:19,1,1,4
BRDA:27,2,0,4
BRDA:27,2,1,3
BRDA:31,3,0,4
BRDA:31,3,1,3
BRDA:32,4,0,2
BRDA:32,4,1,2
BRF:10
BRH:10
end_of_record
TN:
SF:routes\bookings.js
FN:14,initBookingsRoutes
FN:22,(anonymous_1)
FN:56,(anonymous_2)
FN:97,(anonymous_3)
FN:149,(anonymous_4)
FN:201,(anonymous_5)
FN:251,(anonymous_6)
FN:309,(anonymous_7)
FNF:8
FNH:7
FNDA:1,initBookingsRoutes
FNDA:8,(anonymous_1)
FNDA:5,(anonymous_2)
FNDA:2,(anonymous_3)
FNDA:2,(anonymous_4)
FNDA:0,(anonymous_5)
FNDA:3,(anonymous_6)
FNDA:2,(anonymous_7)
DA:1,1
DA:2,1
DA:3,1
DA:4,1
DA:5,1
DA:8,1
DA:9,1
DA:15,1
DA:16,1
DA:22,1
DA:23,8
DA:24,8
DA:26,8
DA:29,8
DA:30,1
DA:31,7
DA:32,1
DA:33,1
DA:34,1
DA:38,8
DA:39,8
DA:40,3
DA:43,8
DA:45,8
DA:46,7
DA:48,1
DA:49,1
DA:56,1
DA:57,5
DA:58,5
DA:60,5
DA:61,1
DA:65,4
DA:71,4
DA:72,0
DA:76,4
DA:84,4
DA:85,1
DA:91,3
DA:97,3
DA:100,3
DA:101,3
DA:102,2
DA:103,1
DA:108,1
DA:109,1
DA:112,2
DA:123,2
DA:129,2
DA:131,2
DA:132,2
DA:133,2
DA:139,2
DA:141,0
DA:142,0
DA:149,1
DA:150,2
DA:151,2
DA:152,2
DA:155,2
DA:161,2
DA:162,1
DA:165,1
DA:166,1
DA:167,1
DA:170,1
DA:171,0
DA:180,0
DA:181,0
DA:188,1
DA:194,1
DA:201,1
DA:202,1
DA:204,1
DA:205,0
DA:211,1
DA:212,1
DA:213,1
DA:214,1
DA:215,1
DA:216,1
DA:217,1
DA:219,1
DA:226,1
DA:228,1
DA:229,1
DA:231,1
DA:232,1
DA:233,1
DA:235,1
DA:236,1
DA:237,0
DA:241,1
DA:243,0
DA:244,0
DA:251,1
DA:252,3
DA:253,3
DA:255,3
DA:261,3
DA:262,1
DA:265,2
DA:271,2
DA:277,2
DA:279,2
DA:297,2
DA:298,2
DA:299,2
DA:301,0
DA:302,0
DA:309,1
DA:310,2
DA:311,2
DA:314,2
DA:320,2
DA:321,1
DA:324,1
DA:329,1
DA:331,1
DA:332,1
DA:333,1
DA:339,1
DA:341,0
DA:342,0
DA:346,1
LF:125
LH:111
BRDA:29,0,0,1
BRDA:29,0,1,7
BRDA:31,1,0,1
BRDA:31,1,1,6
BRDA:31,2,0,7
BRDA:31,2,1,1
BRDA:38,3,0,8
BRDA:38,3,1,6
BRDA:39,4,0,3
BRDA:39,4,1,5
BRDA:45,5,0,1
BRDA:45,5,1,7
BRDA:60,6,0,1
BRDA:60,6,1,4
BRDA:60,7,0,5
BRDA:60,7,1,5
BRDA:60,7,2,4
BRDA:60,7,3,4
BRDA:71,8,0,0
BRDA:71,8,1,4
BRDA:71,9,0,4
BRDA:71,9,1,4
BRDA:84,10,0,1
BRDA:84,10,1,3
BRDA:86,11,0,1
BRDA:86,11,1,0
BRDA:97,12,0,3
BRDA:97,12,1,0
BRDA:101,13,0,2
BRDA:101,13,1,1
BRDA:102,14,0,1
BRDA:102,14,1,1
BRDA:102,15,0,2
BRDA:102,15,1,1
BRDA:116,16,0,2
BRDA:116,16,1,0
BRDA:119,17,0,1
BRDA:119,17,1,1
BRDA:119,18,0,1
BRDA:119,18,1,0
BRDA:119,19,0,1
BRDA:119,19,1,0
BRDA:129,20,0,0
BRDA:129,20,1,2
BRDA:132,21,0,2
BRDA:132,21,1,0
BRDA:132,22,0,2
BRDA:132,22,1,2
BRDA:161,23,0,1
BRDA:161,23,1,1
BRDA:161,24,0,2
BRDA:161,24,1,2
BRDA:165,25,0,1
BRDA:165,25,1,1
BRDA:166,26,0,1
BRDA:166,26,1,1
BRDA:167,27,0,1
BRDA:167,27,1,1
BRDA:170,28,0,0
BRDA:170,28,1,1
BRDA:170,29,0,1
BRDA:170,29,1,0
BRDA:180,30,0,0
BRDA:180,30,1,0
BRDA:201,31,0,1
BRDA:201,31,1,0
BRDA:202,32,0,0
BRDA:202,32,1,1
BRDA:204,33,0,0
BRDA:204,33,1,1
BRDA:212,34,0,0
BRDA:212,34,1,1
BRDA:213,35,0,0
BRDA:213,35,1,1
BRDA:214,36,0,0
BRDA:214,36,1,1
BRDA:215,37,0,0
BRDA:215,37,1,1
BRDA:216,38,0,0
BRDA:216,38,1,1
BRDA:217,39,0,1
BRDA:217,39,1,0
BRDA:226,40,0,0
BRDA:226,40,1,1
BRDA:231,41,0,1
BRDA:231,41,1,0
BRDA:231,42,0,1
BRDA:231,42,1,1
BRDA:236,43,0,0
BRDA:236,43,1,1
BRDA:261,44,0,1
BRDA:261,44,1,2
BRDA:261,45,0,3
BRDA:261,45,1,3
BRDA:289,46,0,2
BRDA:289,46,1,0
BRDA:289,47,0,2
BRDA:289,47,1,0
BRDA:290,48,0,2
BRDA:290,48,1,0
BRDA:320,49,0,1
BRDA:320,49,1,1
BRDA:329,50,0,0
BRDA:329,50,1,1
BRDA:331,51,0,1
BRDA:331,51,1,0
BRDA:331,52,0,1
BRDA:331,52,1,1
BRF:108
BRH:79
end_of_record
TN:
SF:routes\data.js
FN:11,(anonymous_0)
FNF:1
FNH:1
FNDA:7,(anonymous_0)
DA:1,1
DA:2,1
DA:3,1
DA:4,1
DA:5,1
DA:11,1
DA:12,7
DA:21,7
DA:31,7
DA:32,1
DA:35,6
DA:45,1
DA:46,1
DA:50,1
LF:14
LH:14
BRDA:31,0,0,1
BRDA:31,0,1,6
BRDA:31,1,0,7
BRDA:31,1,1,6
BRDA:31,1,2,6
BRDA:31,1,3,6
BRDA:31,1,4,6
BRDA:31,1,5,6
BRDA:31,1,6,6
BRF:9
BRH:9
end_of_record
TN:
SF:routes\deskBookings.js
FN:10,(anonymous_0)
FN:33,(anonymous_1)
FN:94,(anonymous_2)
FN:114,(anonymous_3)
FN:175,(anonymous_4)
FNF:5
FNH:5
FNDA:6,(anonymous_0)
FNDA:6,(anonymous_1)
FNDA:3,(anonymous_2)
FNDA:4,(anonymous_3)
FNDA:2,(anonymous_4)
DA:1,1
DA:2,1
DA:3,1
DA:4,1
DA:5,1
DA:10,1
DA:11,6
DA:12,6
DA:14,6
DA:16,6
DA:17,6
DA:18,6
DA:20,6
DA:21,6
DA:23,5
DA:25,1
DA:26,1
DA:33,1
DA:34,6
DA:35,6
DA:37,6
DA:38,3
DA:42,3
DA:48,3
DA:49,1
DA:53,2
DA:59,2
DA:60,1
DA:63,1
DA:77,1
DA:83,1
DA:84,1
DA:86,0
DA:87,0
DA:94,1
DA:95,3
DA:96,3
DA:98,3
DA:103,3
DA:104,2
DA:106,1
DA:107,1
DA:114,1
DA:115,4
DA:116,4
DA:117,4
DA:120,4
DA:126,4
DA:127,1
DA:131,3
DA:137,3
DA:138,0
DA:142,3
DA:143,1
DA:147,2
DA:148,2
DA:149,1
DA:153,1
DA:163,1
DA:165,1
DA:167,0
DA:168,0
DA:175,1
DA:176,2
DA:177,2
DA:180,2
DA:186,2
DA:187,1
DA:191,1
DA:198,1
DA:199,1
DA:205,1
DA:211,0
DA:212,0
DA:216,1
LF:75
LH:68
BRDA:16,0,0,1
BRDA:16,0,1,5
BRDA:17,1,0,1
BRDA:17,1,1,5
BRDA:18,2,0,1
BRDA:18,2,1,5
BRDA:21,3,0,1
BRDA:21,3,1,5
BRDA:37,4,0,3
BRDA:37,4,1,3
BRDA:37,5,0,6
BRDA:37,5,1,5
BRDA:37,5,2,4
BRDA:48,6,0,1
BRDA:48,6,1,2
BRDA:48,7,0,3
BRDA:48,7,1,3
BRDA:59,8,0,1
BRDA:59,8,1,1
BRDA:59,9,0,2
BRDA:59,9,1,2
BRDA:70,10,0,1
BRDA:70,10,1,0
BRDA:71,11,0,1
BRDA:71,11,1,0
BRDA:83,12,0,0
BRDA:83,12,1,1
BRDA:103,13,0,1
BRDA:103,13,1,2
BRDA:126,14,0,1
BRDA:126,14,1,3
BRDA:126,15,0,4
BRDA:126,15,1,4
BRDA:137,16,0,0
BRDA:137,16,1,3
BRDA:137,17,0,3
BRDA:137,17,1,3
BRDA:142,18,0,1
BRDA:142,18,1,2
BRDA:142,19,0,3
BRDA:142,19,1,1
BRDA:148,20,0,1
BRDA:148,20,1,1
BRDA:163,21,0,0
BRDA:163,21,1,1
BRDA:186,22,0,1
BRDA:186,22,1,1
BRDA:186,23,0,2
BRDA:186,23,1,2
BRDA:208,24,0,1
BRDA:208,24,1,0
BRF:51
BRH:45
end_of_record
TN:
SF:routes\desks.js
FN:10,(anonymous_0)
FN:32,(anonymous_1)
FN:74,(anonymous_2)
FN:114,(anonymous_3)
FNF:4
FNH:4
FNDA:4,(anonymous_0)
FNDA:5,(anonymous_1)
FNDA:4,(anonymous_2)
FNDA:3,(anonymous_3)
DA:1,1
DA:2,1
DA:3,1
DA:4,1
DA:5,1
DA:10,1
DA:11,4
DA:12,4
DA:14,4
DA:15,4
DA:16,1
DA:19,4
DA:20,4
DA:22,3
DA:24,1
DA:25,1
DA:32,1
DA:33,5
DA:34,5
DA:36,5
DA:37,2
DA:40,3
DA:57,3
DA:63,3
DA:64,2
DA:66,1
DA:67,1
DA:74,1
DA:75,4
DA:76,4
DA:77,4
DA:79,4
DA:80,4
DA:81,4
DA:82,4
DA:83,4
DA:84,4
DA:85,4
DA:86,4
DA:87,4
DA:88,4
DA:89,4
DA:90,4
DA:92,4
DA:99,4
DA:100,3
DA:101,1
DA:104,2
DA:106,1
DA:107,1
DA:114,1
DA:115,3
DA:116,3
DA:119,3
DA:121,3
DA:126,3
DA:127,2
DA:129,1
DA:130,1
DA:134,1
LF:60
LH:60
BRDA:15,0,0,1
BRDA:15,0,1,3
BRDA:20,1,0,1
BRDA:20,1,1,3
BRDA:36,2,0,2
BRDA:36,2,1,3
BRDA:36,3,0,5
BRDA:36,3,1,4
BRDA:44,4,0,3
BRDA:44,4,1,2
BRDA:45,5,0,3
BRDA:45,5,1,2
BRDA:46,6,0,3
BRDA:46,6,1,2
BRDA:47,7,0,3
BRDA:47,7,1,2
BRDA:48,8,0,3
BRDA:48,8,1,2
BRDA:49,9,0,3
BRDA:49,9,1,2
BRDA:50,10,0,3
BRDA:50,10,1,2
BRDA:51,11,0,3
BRDA:51,11,1,3
BRDA:52,12,0,3
BRDA:52,12,1,3
BRDA:63,13,0,1
BRDA:63,13,1,2
BRDA:80,14,0,3
BRDA:80,14,1,1
BRDA:81,15,0,0
BRDA:81,15,1,4
BRDA:82,16,0,1
BRDA:82,16,1,3
BRDA:83,17,0,1
BRDA:83,17,1,3
BRDA:84,18,0,1
BRDA:84,18,1,3
BRDA:85,19,0,1
BRDA:85,19,1,3
BRDA:86,20,0,0
BRDA:86,20,1,4
BRDA:87,21,0,0
BRDA:87,21,1,4
BRDA:88,22,0,1
BRDA:88,22,1,3
BRDA:89,23,0,1
BRDA:89,23,1,3
BRDA:90,24,0,0
BRDA:90,24,1,4
BRDA:99,25,0,1
BRDA:99,25,1,3
BRDA:100,26,0,1
BRDA:100,26,1,2
BRDA:126,27,0,1
BRDA:126,27,1,2
BRF:56
BRH:52
end_of_record
TN:
SF:routes\floorElements.js
FN:10,(anonymous_0)
FN:31,(anonymous_1)
FN:72,(anonymous_2)
FN:112,(anonymous_3)
FNF:4
FNH:4
FNDA:6,(anonymous_0)
FNDA:6,(anonymous_1)
FNDA:5,(anonymous_2)
FNDA:3,(anonymous_3)
DA:1,1
DA:2,1
DA:3,1
DA:4,1
DA:5,1
DA:10,1
DA:11,6
DA:12,6
DA:14,6
DA:15,6
DA:16,6
DA:18,6
DA:19,6
DA:21,5
DA:23,1
DA:24,1
DA:31,1
DA:32,6
DA:33,6
DA:35,6
DA:36,2
DA:39,4
DA:55,4
DA:61,4
DA:62,3
DA:64,1
DA:65,1
DA:72,1
DA:73,5
DA:74,5
DA:75,5
DA:77,5
DA:78,5
DA:79,5
DA:80,5
DA:81,5
DA:82,5
DA:83,5
DA:84,5
DA:85,5
DA:86,5
DA:87,5
DA:88,5
DA:90,5
DA:97,5
DA:98,4
DA:99,1
DA:102,3
DA:104,1
DA:105,1
DA:112,1
DA:113,3
DA:114,3
DA:116,3
DA:121,3
DA:122,2
DA:124,1
DA:125,1
DA:129,1
LF:59
LH:59
BRDA:15,0,0,2
BRDA:15,0,1,4
BRDA:16,1,0,2
BRDA:16,1,1,4
BRDA:19,2,0,1
BRDA:19,2,1,5
BRDA:35,3,0,2
BRDA:35,3,1,4
BRDA:35,4,0,6
BRDA:35,4,1,5
BRDA:43,5,0,4
BRDA:43,5,1,3
BRDA:44,6,0,4
BRDA:44,6,1,3
BRDA:45,7,0,4
BRDA:45,7,1,3
BRDA:46,8,0,4
BRDA:46,8,1,3
BRDA:47,9,0,4
BRDA:47,9,1,3
BRDA:48,10,0,4
BRDA:48,10,1,4
BRDA:49,11,0,4
BRDA:49,11,1,3
BRDA:50,12,0,4
BRDA:50,12,1,3
BRDA:51,13,0,4
BRDA:51,13,1,4
BRDA:61,14,0,1
BRDA:61,14,1,3
BRDA:78,15,0,0
BRDA:78,15,1,5
BRDA:79,16,0,0
BRDA:79,16,1,5
BRDA:80,17,0,0
BRDA:80,17,1,5
BRDA:81,18,0,1
BRDA:81,18,1,4
BRDA:82,19,0,1
BRDA:82,19,1,4
BRDA:83,20,0,1
BRDA:83,20,1,4
BRDA:84,21,0,1
BRDA:84,21,1,4
BRDA:85,22,0,1
BRDA:85,22,1,4
BRDA:86,23,0,0
BRDA:86,23,1,5
BRDA:87,24,0,3
BRDA:87,24,1,2
BRDA:88,25,0,1
BRDA:88,25,1,4
BRDA:97,26,0,1
BRDA:97,26,1,4
BRDA:98,27,0,1
BRDA:98,27,1,3
BRDA:121,28,0,1
BRDA:121,28,1,2
BRF:58
BRH:54
end_of_record
TN:
SF:routes\holidays.js
FN:11,(anonymous_0)
FN:16,(anonymous_1)
FN:17,(anonymous_2)
FN:18,(anonymous_3)
FN:20,(anonymous_4)
FN:21,(anonymous_5)
FN:34,(anonymous_6)
FN:49,(anonymous_7)
FN:56,(anonymous_8)
FN:75,(anonymous_9)
FNF:10
FNH:10
FNDA:3,(anonymous_0)
FNDA:3,(anonymous_1)
FNDA:3,(anonymous_2)
FNDA:3,(anonymous_3)
FNDA:3,(anonymous_4)
FNDA:3,(anonymous_5)
FNDA:6,(anonymous_6)
FNDA:2,(anonymous_7)
FNDA:3,(anonymous_8)
FNDA:3,(anonymous_9)
DA:1,1
DA:2,1
DA:3,1
DA:4,1
DA:5,1
DA:6,1
DA:11,1
DA:12,3
DA:13,3
DA:14,3
DA:16,3
DA:17,3
DA:18,3
DA:19,3
DA:20,3
DA:21,3
DA:22,3
DA:23,3
DA:25,0
DA:32,3
DA:34,6
DA:39,3
DA:41,0
DA:42,0
DA:49,1
DA:50,2
DA:51,2
DA:54,2
DA:56,3
DA:58,2
DA:60,1
DA:65,1
DA:67,1
DA:68,1
DA:75,1
DA:76,3
DA:77,3
DA:79,3
DA:84,3
DA:85,2
DA:87,1
DA:88,1
DA:92,1
LF:43
LH:40
BRDA:14,0,0,3
BRDA:14,0,1,2
BRDA:36,1,0,6
BRDA:36,1,1,0
BRDA:58,2,0,1
BRDA:58,2,1,1
BRDA:84,3,0,1
BRDA:84,3,1,2
BRF:8
BRH:7
end_of_record
TN:
SF:routes\index.js
FNF:0
FNH:0
DA:7,0
LF:1
LH:0
BRF:0
BRH:0
end_of_record
TN:
SF:routes\locations.js
FN:10,(anonymous_0)
FN:39,(anonymous_1)
FN:74,(anonymous_2)
FNF:3
FNH:3
FNDA:4,(anonymous_0)
FNDA:4,(anonymous_1)
FNDA:3,(anonymous_2)
DA:1,1
DA:2,1
DA:3,1
DA:4,1
DA:5,1
DA:10,1
DA:11,4
DA:12,4
DA:14,4
DA:22,4
DA:28,4
DA:29,3
DA:31,1
DA:32,1
DA:39,1
DA:40,4
DA:41,4
DA:42,4
DA:44,4
DA:45,4
DA:46,4
DA:47,4
DA:48,4
DA:49,4
DA:50,4
DA:52,4
DA:59,4
DA:60,3
DA:61,1
DA:64,2
DA:66,1
DA:67,1
DA:74,1
DA:75,3
DA:76,3
DA:79,3
DA:81,3
DA:86,3
DA:87,2
DA:89,1
DA:90,1
DA:94,1
LF:42
LH:42
BRDA:17,0,0,4
BRDA:17,0,1,3
BRDA:18,1,0,4
BRDA:18,1,1,3
BRDA:19,2,0,4
BRDA:19,2,1,3
BRDA:28,3,0,1
BRDA:28,3,1,3
BRDA:45,4,0,3
BRDA:45,4,1,1
BRDA:46,5,0,0
BRDA:46,5,1,4
BRDA:47,6,0,1
BRDA:47,6,1,3
BRDA:48,7,0,0
BRDA:48,7,1,4
BRDA:49,8,0,1
BRDA:49,8,1,3
BRDA:50,9,0,1
BRDA:50,9,1,3
BRDA:59,10,0,1
BRDA:59,10,1,3
BRDA:60,11,0,1
BRDA:60,11,1,2
BRDA:86,12,0,1
BRDA:86,12,1,2
BRF:26
BRH:24
end_of_record
TN:
SF:routes\teams.js
FN:10,(anonymous_0)
FN:45,(anonymous_1)
FN:80,(anonymous_2)
FNF:3
FNH:3
FNDA:5,(anonymous_0)
FNDA:4,(anonymous_1)
FNDA:3,(anonymous_2)
DA:1,1
DA:2,1
DA:3,1
DA:4,1
DA:5,1
DA:10,1
DA:11,5
DA:12,5
DA:14,5
DA:15,1
DA:18,4
DA:28,4
DA:34,4
DA:35,3
DA:37,1
DA:38,1
DA:45,1
DA:46,4
DA:47,4
DA:48,4
DA:50,4
DA:51,4
DA:52,4
DA:53,4
DA:54,4
DA:55,4
DA:56,4
DA:58,4
DA:65,4
DA:66,3
DA:67,1
DA:70,2
DA:72,1
DA:73,1
DA:80,1
DA:81,3
DA:82,3
DA:85,3
DA:90,3
DA:91,1
DA:96,3
DA:101,3
DA:102,2
DA:104,1
DA:105,1
DA:109,1
LF:46
LH:46
BRDA:14,0,0,1
BRDA:14,0,1,4
BRDA:21,1,0,4
BRDA:21,1,1,3
BRDA:22,2,0,4
BRDA:22,2,1,3
BRDA:23,3,0,4
BRDA:23,3,1,3
BRDA:24,4,0,4
BRDA:24,4,1,3
BRDA:34,5,0,1
BRDA:34,5,1,3
BRDA:51,6,0,3
BRDA:51,6,1,1
BRDA:52,7,0,1
BRDA:52,7,1,3
BRDA:53,8,0,1
BRDA:53,8,1,3
BRDA:54,9,0,0
BRDA:54,9,1,4
BRDA:55,10,0,1
BRDA:55,10,1,3
BRDA:56,11,0,0
BRDA:56,11,1,4
BRDA:65,12,0,1
BRDA:65,12,1,3
BRDA:66,13,0,1
BRDA:66,13,1,2
BRDA:90,14,0,1
BRDA:90,14,1,2
BRDA:101,15,0,1
BRDA:101,15,1,2
BRF:32
BRH:30
end_of_record
TN:
SF:utils\helpers.js
FN:5,toCamelCase
FN:10,(anonymous_1)
FN:11,(anonymous_2)
FN:23,toSnakeCase
FN:28,(anonymous_4)
FN:29,(anonymous_5)
FNF:6
FNH:6
FNDA:919,toCamelCase
FNDA:709,(anonymous_1)
FNDA:269,(anonymous_2)
FNDA:26,toSnakeCase
FNDA:13,(anonymous_4)
FNDA:14,(anonymous_5)
DA:6,919
DA:7,71
DA:9,848
DA:10,139
DA:11,709
DA:12,709
DA:13,709
DA:16,709
DA:24,26
DA:25,2
DA:27,24
DA:28,8
DA:29,14
DA:30,13
DA:31,13
DA:34,16
DA:37,9
LF:17
LH:17
BRDA:6,0,0,71
BRDA:6,0,1,848
BRDA:9,1,0,139
BRDA:9,1,1,709
BRDA:9,2,0,848
BRDA:9,2,1,841
BRDA:24,3,0,2
BRDA:24,3,1,24
BRDA:27,4,0,8
BRDA:27,4,1,16
BRDA:27,5,0,24
BRDA:27,5,1,23
BRF:12
BRH:12
end_of_record
TN:
SF:utils\logger.js
FN:14,(anonymous_0)
FN:23,(anonymous_1)
FN:32,(anonymous_2)
FN:39,(anonymous_3)
FN:46,(anonymous_4)
FNF:5
FNH:5
FNDA:3,(anonymous_0)
FNDA:3,(anonymous_1)
FNDA:2,(anonymous_2)
FNDA:24,(anonymous_3)
FNDA:2,(anonymous_4)
DA:8,20
DA:10,20
DA:15,3
DA:16,2
DA:24,3
DA:25,2
DA:33,2
DA:40,24
DA:47,2
DA:48,1
DA:53,20
LF:11
LH:11
BRDA:15,0,0,2
BRDA:15,0,1,1
BRDA:24,1,0,2
BRDA:24,1,1,1
BRDA:47,2,0,1
BRDA:47,2,1,1
BRF:6
BRH:6
end_of_record
